<?xml version="1.0" encoding="UTF-8"?>
<!-- Generated by org.testng.reporters.JUnitReportReporter -->
<testsuite skipped="0" hostname="DsouzaW510" name="automation.NewArticleTest" tests="3" failures="0" timestamp="20 Mar 2018 22:40:24 GMT" time="21.447" errors="0">
  <testcase name="createArticleTest" time="11.426" classname="automation.NewArticleTest"/>
  <testcase name="goToArticleTest" time="4.348" classname="automation.NewArticleTest"/>
  <testcase name="deleteArticleTest" time="5.673" classname="automation.NewArticleTest"/>
</testsuite> <!-- automation.NewArticleTest -->
