<?xml version="1.0" encoding="UTF-8"?>
<!-- Generated by org.testng.reporters.JUnitReportReporter -->
<testsuite skipped="0" hostname="DsouzaW510" name="automation.GoToAdminLoginTest" tests="1" failures="0" timestamp="20 Mar 2018 22:37:33 GMT" time="26.412" errors="0">
  <testcase name="GoToAdminLogin" time="26.412" classname="automation.GoToAdminLoginTest"/>
</testsuite> <!-- automation.GoToAdminLoginTest -->
